  [1m[35m (0.2ms)[0m  [1m[34mSELECT sqlite_version(*)[0m
  ↳ /home/alberto/.rvm/gems/ruby-2.5.1/bin/rake:23
  [1m[35m (12.5ms)[0m  [1m[35mCREATE TABLE "schema_migrations" ("version" varchar NOT NULL PRIMARY KEY)[0m
  ↳ /home/alberto/.rvm/gems/ruby-2.5.1/bin/rake:23
  [1m[35m (8.2ms)[0m  [1m[35mCREATE TABLE "ar_internal_metadata" ("key" varchar NOT NULL PRIMARY KEY, "value" varchar, "created_at" datetime NOT NULL, "updated_at" datetime NOT NULL)[0m
  ↳ /home/alberto/.rvm/gems/ruby-2.5.1/bin/rake:23
  [1m[35m (0.4ms)[0m  [1m[34mSELECT "schema_migrations"."version" FROM "schema_migrations" ORDER BY "schema_migrations"."version" ASC[0m
  ↳ /home/alberto/.rvm/gems/ruby-2.5.1/bin/rake:23
Migrating to CreateUsers (20190329134320)
  [1m[35m (0.2ms)[0m  [1m[36mbegin transaction[0m
  ↳ /home/alberto/.rvm/gems/ruby-2.5.1/bin/rake:23
  [1m[35m (0.6ms)[0m  [1m[35mCREATE TABLE "users" ("id" integer PRIMARY KEY AUTOINCREMENT NOT NULL, "name" varchar, "lastname" varchar, "email" varchar, "password" varchar, "address" varchar, "created_at" datetime NOT NULL, "updated_at" datetime NOT NULL)[0m
  ↳ db/migrate/20190329134320_create_users.rb:3
  [1m[36mActiveRecord::SchemaMigration Create (0.3ms)[0m  [1m[32mINSERT INTO "schema_migrations" ("version") VALUES (?)[0m  [["version", "20190329134320"]]
  ↳ /home/alberto/.rvm/gems/ruby-2.5.1/bin/rake:23
  [1m[35m (4.1ms)[0m  [1m[36mcommit transaction[0m
  ↳ /home/alberto/.rvm/gems/ruby-2.5.1/bin/rake:23
Migrating to CreateEventVenues (20190329134334)
  [1m[35m (0.1ms)[0m  [1m[36mbegin transaction[0m
  ↳ /home/alberto/.rvm/gems/ruby-2.5.1/bin/rake:23
  [1m[35m (0.5ms)[0m  [1m[35mCREATE TABLE "event_venues" ("id" integer PRIMARY KEY AUTOINCREMENT NOT NULL, "name" varchar, "address" varchar, "capacity" integer, "created_at" datetime NOT NULL, "updated_at" datetime NOT NULL)[0m
  ↳ db/migrate/20190329134334_create_event_venues.rb:3
  [1m[36mActiveRecord::SchemaMigration Create (0.2ms)[0m  [1m[32mINSERT INTO "schema_migrations" ("version") VALUES (?)[0m  [["version", "20190329134334"]]
  ↳ /home/alberto/.rvm/gems/ruby-2.5.1/bin/rake:23
  [1m[35m (4.2ms)[0m  [1m[36mcommit transaction[0m
  ↳ /home/alberto/.rvm/gems/ruby-2.5.1/bin/rake:23
Migrating to CreateEvents (20190329134423)
  [1m[35m (0.1ms)[0m  [1m[36mbegin transaction[0m
  ↳ /home/alberto/.rvm/gems/ruby-2.5.1/bin/rake:23
  [1m[35m (0.6ms)[0m  [1m[35mCREATE TABLE "events" ("id" integer PRIMARY KEY AUTOINCREMENT NOT NULL, "name" varchar, "description" varchar, "start_date" date, "event_venue_id" integer, "created_at" datetime NOT NULL, "updated_at" datetime NOT NULL, CONSTRAINT "fk_rails_07a8e73ad7"
FOREIGN KEY ("event_venue_id")
  REFERENCES "event_venues" ("id")
)[0m
  ↳ db/migrate/20190329134423_create_events.rb:3
  [1m[35m (0.2ms)[0m  [1m[35mCREATE  INDEX "index_events_on_event_venue_id" ON "events" ("event_venue_id")[0m
  ↳ db/migrate/20190329134423_create_events.rb:3
  [1m[36mActiveRecord::SchemaMigration Create (0.2ms)[0m  [1m[32mINSERT INTO "schema_migrations" ("version") VALUES (?)[0m  [["version", "20190329134423"]]
  ↳ /home/alberto/.rvm/gems/ruby-2.5.1/bin/rake:23
  [1m[35m (4.1ms)[0m  [1m[36mcommit transaction[0m
  ↳ /home/alberto/.rvm/gems/ruby-2.5.1/bin/rake:23
Migrating to CreateTicketZones (20190329134615)
  [1m[35m (0.1ms)[0m  [1m[36mbegin transaction[0m
  ↳ /home/alberto/.rvm/gems/ruby-2.5.1/bin/rake:23
  [1m[35m (0.4ms)[0m  [1m[35mCREATE TABLE "ticket_zones" ("id" integer PRIMARY KEY AUTOINCREMENT NOT NULL, "zone" varchar, "created_at" datetime NOT NULL, "updated_at" datetime NOT NULL)[0m
  ↳ db/migrate/20190329134615_create_ticket_zones.rb:3
  [1m[36mActiveRecord::SchemaMigration Create (0.3ms)[0m  [1m[32mINSERT INTO "schema_migrations" ("version") VALUES (?)[0m  [["version", "20190329134615"]]
  ↳ /home/alberto/.rvm/gems/ruby-2.5.1/bin/rake:23
  [1m[35m (5.1ms)[0m  [1m[36mcommit transaction[0m
  ↳ /home/alberto/.rvm/gems/ruby-2.5.1/bin/rake:23
Migrating to CreateTicketTypes (20190329134642)
  [1m[35m (0.1ms)[0m  [1m[36mbegin transaction[0m
  ↳ /home/alberto/.rvm/gems/ruby-2.5.1/bin/rake:23
  [1m[35m (0.5ms)[0m  [1m[35mCREATE TABLE "ticket_types" ("id" integer PRIMARY KEY AUTOINCREMENT NOT NULL, "event_id" integer, "price" integer, "ticket_zone_id" integer, "created_at" datetime NOT NULL, "updated_at" datetime NOT NULL, CONSTRAINT "fk_rails_3f5bd3dab9"
FOREIGN KEY ("event_id")
  REFERENCES "events" ("id")
, CONSTRAINT "fk_rails_0920abe530"
FOREIGN KEY ("ticket_zone_id")
  REFERENCES "ticket_zones" ("id")
)[0m
  ↳ db/migrate/20190329134642_create_ticket_types.rb:3
  [1m[35m (0.2ms)[0m  [1m[35mCREATE  INDEX "index_ticket_types_on_event_id" ON "ticket_types" ("event_id")[0m
  ↳ db/migrate/20190329134642_create_ticket_types.rb:3
  [1m[35m (0.2ms)[0m  [1m[35mCREATE  INDEX "index_ticket_types_on_ticket_zone_id" ON "ticket_types" ("ticket_zone_id")[0m
  ↳ db/migrate/20190329134642_create_ticket_types.rb:3
  [1m[36mActiveRecord::SchemaMigration Create (0.3ms)[0m  [1m[32mINSERT INTO "schema_migrations" ("version") VALUES (?)[0m  [["version", "20190329134642"]]
  ↳ /home/alberto/.rvm/gems/ruby-2.5.1/bin/rake:23
  [1m[35m (3.9ms)[0m  [1m[36mcommit transaction[0m
  ↳ /home/alberto/.rvm/gems/ruby-2.5.1/bin/rake:23
Migrating to CreateOrders (20190329134721)
  [1m[35m (0.1ms)[0m  [1m[36mbegin transaction[0m
  ↳ /home/alberto/.rvm/gems/ruby-2.5.1/bin/rake:23
  [1m[35m (0.5ms)[0m  [1m[35mCREATE TABLE "orders" ("id" integer PRIMARY KEY AUTOINCREMENT NOT NULL, "user_id" integer, "created_at" datetime NOT NULL, "updated_at" datetime NOT NULL, CONSTRAINT "fk_rails_f868b47f6a"
FOREIGN KEY ("user_id")
  REFERENCES "users" ("id")
)[0m
  ↳ db/migrate/20190329134721_create_orders.rb:3
  [1m[35m (0.2ms)[0m  [1m[35mCREATE  INDEX "index_orders_on_user_id" ON "orders" ("user_id")[0m
  ↳ db/migrate/20190329134721_create_orders.rb:3
  [1m[36mActiveRecord::SchemaMigration Create (0.2ms)[0m  [1m[32mINSERT INTO "schema_migrations" ("version") VALUES (?)[0m  [["version", "20190329134721"]]
  ↳ /home/alberto/.rvm/gems/ruby-2.5.1/bin/rake:23
  [1m[35m (4.9ms)[0m  [1m[36mcommit transaction[0m
  ↳ /home/alberto/.rvm/gems/ruby-2.5.1/bin/rake:23
Migrating to CreateTickets (20190329134851)
  [1m[35m (0.1ms)[0m  [1m[36mbegin transaction[0m
  ↳ /home/alberto/.rvm/gems/ruby-2.5.1/bin/rake:23
  [1m[35m (0.5ms)[0m  [1m[35mCREATE TABLE "tickets" ("id" integer PRIMARY KEY AUTOINCREMENT NOT NULL, "ticket_type_id" integer, "order_id" integer, "created_at" datetime NOT NULL, "updated_at" datetime NOT NULL, CONSTRAINT "fk_rails_89217f3a4e"
FOREIGN KEY ("ticket_type_id")
  REFERENCES "ticket_types" ("id")
, CONSTRAINT "fk_rails_c6410ba81d"
FOREIGN KEY ("order_id")
  REFERENCES "orders" ("id")
)[0m
  ↳ db/migrate/20190329134851_create_tickets.rb:3
  [1m[35m (0.2ms)[0m  [1m[35mCREATE  INDEX "index_tickets_on_ticket_type_id" ON "tickets" ("ticket_type_id")[0m
  ↳ db/migrate/20190329134851_create_tickets.rb:3
  [1m[35m (0.2ms)[0m  [1m[35mCREATE  INDEX "index_tickets_on_order_id" ON "tickets" ("order_id")[0m
  ↳ db/migrate/20190329134851_create_tickets.rb:3
  [1m[36mActiveRecord::SchemaMigration Create (0.2ms)[0m  [1m[32mINSERT INTO "schema_migrations" ("version") VALUES (?)[0m  [["version", "20190329134851"]]
  ↳ /home/alberto/.rvm/gems/ruby-2.5.1/bin/rake:23
  [1m[35m (4.3ms)[0m  [1m[36mcommit transaction[0m
  ↳ /home/alberto/.rvm/gems/ruby-2.5.1/bin/rake:23
Migrating to AddColumnNumberToUser (20190403122320)
  [1m[35m (0.3ms)[0m  [1m[36mbegin transaction[0m
  ↳ /home/alberto/.rvm/gems/ruby-2.5.1/bin/rake:23
  [1m[35m (0.7ms)[0m  [1m[35mALTER TABLE "users" ADD "Number" integer[0m
  ↳ db/migrate/20190403122320_add_column_number_to_user.rb:3
  [1m[36mActiveRecord::SchemaMigration Create (0.2ms)[0m  [1m[32mINSERT INTO "schema_migrations" ("version") VALUES (?)[0m  [["version", "20190403122320"]]
  ↳ /home/alberto/.rvm/gems/ruby-2.5.1/bin/rake:23
  [1m[35m (3.0ms)[0m  [1m[36mcommit transaction[0m
  ↳ /home/alberto/.rvm/gems/ruby-2.5.1/bin/rake:23
  [1m[36mActiveRecord::InternalMetadata Load (0.3ms)[0m  [1m[34mSELECT  "ar_internal_metadata".* FROM "ar_internal_metadata" WHERE "ar_internal_metadata"."key" = ? LIMIT ?[0m  [["key", "environment"], ["LIMIT", 1]]
  ↳ /home/alberto/.rvm/gems/ruby-2.5.1/bin/rake:23
  [1m[35m (0.1ms)[0m  [1m[36mbegin transaction[0m
  ↳ /home/alberto/.rvm/gems/ruby-2.5.1/bin/rake:23
  [1m[36mActiveRecord::InternalMetadata Create (0.4ms)[0m  [1m[32mINSERT INTO "ar_internal_metadata" ("key", "value", "created_at", "updated_at") VALUES (?, ?, ?, ?)[0m  [["key", "environment"], ["value", "development"], ["created_at", "2019-04-03 12:23:49.282942"], ["updated_at", "2019-04-03 12:23:49.282942"]]
  ↳ /home/alberto/.rvm/gems/ruby-2.5.1/bin/rake:23
  [1m[35m (3.2ms)[0m  [1m[36mcommit transaction[0m
  ↳ /home/alberto/.rvm/gems/ruby-2.5.1/bin/rake:23
  [1m[35m (0.4ms)[0m  [1m[34mSELECT "schema_migrations"."version" FROM "schema_migrations" ORDER BY "schema_migrations"."version" ASC[0m
  ↳ /home/alberto/.rvm/gems/ruby-2.5.1/bin/rake:23
  [1m[35m (0.1ms)[0m  [1m[36mbegin transaction[0m
  [1m[35m (0.1ms)[0m  [1m[31mrollback transaction[0m
  [1m[35m (0.5ms)[0m  [1m[34mSELECT "schema_migrations"."version" FROM "schema_migrations" ORDER BY "schema_migrations"."version" ASC[0m
  ↳ /home/vawohl/.rvm/gems/ruby-2.5.1/bin/rake:23
  [1m[35m (0.1ms)[0m  [1m[36mbegin transaction[0m
  ↳ db/seeds.rb:25
  [1m[35m (0.1ms)[0m  [1m[31mrollback transaction[0m
  ↳ db/seeds.rb:25
  [1m[36mUser Load (103.0ms)[0m  [1m[34mSELECT  "users".* FROM "users" ORDER BY "users"."id" DESC LIMIT ?[0m  [["LIMIT", 1]]
  [1m[36mUser Load (72.5ms)[0m  [1m[34mSELECT  "users".* FROM "users" ORDER BY "users"."id" DESC LIMIT ?[0m  [["LIMIT", 1]]
  [1m[35m (1.1ms)[0m  [1m[34mSELECT "schema_migrations"."version" FROM "schema_migrations" ORDER BY "schema_migrations"."version" ASC[0m
  ↳ /home/vawohl/.rvm/gems/ruby-2.5.1/bin/rake:23
  [1m[35m (0.1ms)[0m  [1m[36mbegin transaction[0m
  ↳ db/seeds.rb:25
  [1m[35m (0.1ms)[0m  [1m[31mrollback transaction[0m
  ↳ db/seeds.rb:25
  [1m[36mUser Load (30.4ms)[0m  [1m[34mSELECT  "users".* FROM "users" ORDER BY "users"."id" DESC LIMIT ?[0m  [["LIMIT", 1]]
  [1m[35m (0.2ms)[0m  [1m[34mSELECT "schema_migrations"."version" FROM "schema_migrations" ORDER BY "schema_migrations"."version" ASC[0m
  ↳ /home/vawohl/.rvm/gems/ruby-2.5.1/bin/rake:23
  [1m[35m (0.1ms)[0m  [1m[36mbegin transaction[0m
  ↳ db/seeds.rb:25
  [1m[35m (0.1ms)[0m  [1m[31mrollback transaction[0m
  ↳ db/seeds.rb:25
  [1m[36mUser Load (1.9ms)[0m  [1m[34mSELECT  "users".* FROM "users" ORDER BY "users"."id" DESC LIMIT ?[0m  [["LIMIT", 1]]
  [1m[35m (0.2ms)[0m  [1m[34mSELECT "schema_migrations"."version" FROM "schema_migrations" ORDER BY "schema_migrations"."version" ASC[0m
  ↳ /home/vawohl/.rvm/gems/ruby-2.5.1/bin/rake:23
  [1m[36mUser Load (0.2ms)[0m  [1m[34mSELECT  "users".* FROM "users" ORDER BY "users"."id" DESC LIMIT ?[0m  [["LIMIT", 1]]
  [1m[36mUser Load (0.2ms)[0m  [1m[34mSELECT  "users".* FROM "users" WHERE "users"."id" = ? LIMIT ?[0m  [["id", 1], ["LIMIT", 1]]
  [1m[35m (0.3ms)[0m  [1m[34mSELECT "schema_migrations"."version" FROM "schema_migrations" ORDER BY "schema_migrations"."version" ASC[0m
  ↳ bin/rails:9
  [1m[36mUser Load (17.2ms)[0m  [1m[34mSELECT  "users".* FROM "users" ORDER BY "users"."id" DESC LIMIT ?[0m  [["LIMIT", 1]]
  [1m[35m (20.6ms)[0m  [1m[34mSELECT "schema_migrations"."version" FROM "schema_migrations" ORDER BY "schema_migrations"."version" ASC[0m
  ↳ bin/rails:9
  [1m[35m (3.0ms)[0m  [1m[34mSELECT "ar_internal_metadata"."value" FROM "ar_internal_metadata" WHERE "ar_internal_metadata"."key" = ?[0m  [["key", "environment"]]
  ↳ bin/rails:9
  [1m[35m (0.2ms)[0m  [1m[34mSELECT "schema_migrations"."version" FROM "schema_migrations" ORDER BY "schema_migrations"."version" ASC[0m
  ↳ bin/rails:9
  [1m[35m (0.2ms)[0m  [1m[34mSELECT "ar_internal_metadata"."value" FROM "ar_internal_metadata" WHERE "ar_internal_metadata"."key" = ?[0m  [["key", "environment"]]
  ↳ bin/rails:9
  [1m[35m (0.2ms)[0m  [1m[34mSELECT "schema_migrations"."version" FROM "schema_migrations" ORDER BY "schema_migrations"."version" ASC[0m
  ↳ bin/rails:9
  [1m[35m (0.2ms)[0m  [1m[34mSELECT "ar_internal_metadata"."value" FROM "ar_internal_metadata" WHERE "ar_internal_metadata"."key" = ?[0m  [["key", "environment"]]
  ↳ bin/rails:9
  [1m[35m (0.2ms)[0m  [1m[35mDROP TABLE IF EXISTS "event_venues"[0m
  ↳ db/schema.rb:15
  [1m[35m (0.2ms)[0m  [1m[34mSELECT sqlite_version(*)[0m
  ↳ db/schema.rb:15
  [1m[35m (46.2ms)[0m  [1m[35mCREATE TABLE "event_venues" ("id" integer PRIMARY KEY AUTOINCREMENT NOT NULL, "name" varchar, "address" varchar, "capacity" integer, "created_at" datetime NOT NULL, "updated_at" datetime NOT NULL)[0m
  ↳ db/schema.rb:15
  [1m[35m (0.2ms)[0m  [1m[35mDROP TABLE IF EXISTS "events"[0m
  ↳ db/schema.rb:23
  [1m[35m (12.4ms)[0m  [1m[35mCREATE TABLE "events" ("id" integer PRIMARY KEY AUTOINCREMENT NOT NULL, "name" varchar, "description" varchar, "start_date" date, "event_venue_id" integer, "created_at" datetime NOT NULL, "updated_at" datetime NOT NULL)[0m
  ↳ db/schema.rb:23
  [1m[35m (21.5ms)[0m  [1m[35mCREATE  INDEX "index_events_on_event_venue_id" ON "events" ("event_venue_id")[0m
  ↳ db/schema.rb:23
  [1m[35m (0.3ms)[0m  [1m[35mDROP TABLE IF EXISTS "orders"[0m
  ↳ db/schema.rb:33
  [1m[35m (9.1ms)[0m  [1m[35mCREATE TABLE "orders" ("id" integer PRIMARY KEY AUTOINCREMENT NOT NULL, "user_id" integer, "created_at" datetime NOT NULL, "updated_at" datetime NOT NULL)[0m
  ↳ db/schema.rb:33
  [1m[35m (11.4ms)[0m  [1m[35mCREATE  INDEX "index_orders_on_user_id" ON "orders" ("user_id")[0m
  ↳ db/schema.rb:33
  [1m[35m (0.1ms)[0m  [1m[35mDROP TABLE IF EXISTS "ticket_types"[0m
  ↳ db/schema.rb:40
  [1m[35m (8.9ms)[0m  [1m[35mCREATE TABLE "ticket_types" ("id" integer PRIMARY KEY AUTOINCREMENT NOT NULL, "event_id" integer, "price" integer, "ticket_zone_id" integer, "created_at" datetime NOT NULL, "updated_at" datetime NOT NULL)[0m
  ↳ db/schema.rb:40
  [1m[35m (8.0ms)[0m  [1m[35mCREATE  INDEX "index_ticket_types_on_event_id" ON "ticket_types" ("event_id")[0m
  ↳ db/schema.rb:40
  [1m[35m (9.2ms)[0m  [1m[35mCREATE  INDEX "index_ticket_types_on_ticket_zone_id" ON "ticket_types" ("ticket_zone_id")[0m
  ↳ db/schema.rb:40
  [1m[35m (0.2ms)[0m  [1m[35mDROP TABLE IF EXISTS "ticket_zones"[0m
  ↳ db/schema.rb:50
  [1m[35m (7.2ms)[0m  [1m[35mCREATE TABLE "ticket_zones" ("id" integer PRIMARY KEY AUTOINCREMENT NOT NULL, "zone" varchar, "created_at" datetime NOT NULL, "updated_at" datetime NOT NULL)[0m
  ↳ db/schema.rb:50
  [1m[35m (0.1ms)[0m  [1m[35mDROP TABLE IF EXISTS "tickets"[0m
  ↳ db/schema.rb:56
  [1m[35m (8.2ms)[0m  [1m[35mCREATE TABLE "tickets" ("id" integer PRIMARY KEY AUTOINCREMENT NOT NULL, "ticket_type_id" integer, "order_id" integer, "created_at" datetime NOT NULL, "updated_at" datetime NOT NULL)[0m
  ↳ db/schema.rb:56
  [1m[35m (5.6ms)[0m  [1m[35mCREATE  INDEX "index_tickets_on_order_id" ON "tickets" ("order_id")[0m
  ↳ db/schema.rb:56
  [1m[35m (12.1ms)[0m  [1m[35mCREATE  INDEX "index_tickets_on_ticket_type_id" ON "tickets" ("ticket_type_id")[0m
  ↳ db/schema.rb:56
  [1m[35m (0.1ms)[0m  [1m[35mDROP TABLE IF EXISTS "users"[0m
  ↳ db/schema.rb:65
  [1m[35m (7.8ms)[0m  [1m[35mCREATE TABLE "users" ("id" integer PRIMARY KEY AUTOINCREMENT NOT NULL, "name" varchar, "lastname" varchar, "email" varchar, "password" varchar, "address" varchar, "created_at" datetime NOT NULL, "updated_at" datetime NOT NULL, "number" integer)[0m
  ↳ db/schema.rb:65
  [1m[35m (21.9ms)[0m  [1m[35mCREATE TABLE "schema_migrations" ("version" varchar NOT NULL PRIMARY KEY)[0m
  ↳ db/schema.rb:13
  [1m[35m (0.1ms)[0m  [1m[34mSELECT "schema_migrations"."version" FROM "schema_migrations" ORDER BY "schema_migrations"."version" ASC[0m
  ↳ db/schema.rb:13
  [1m[35m (6.5ms)[0m  [1m[32mINSERT INTO "schema_migrations" (version) VALUES (20190403122320)[0m
  ↳ db/schema.rb:13
  [1m[35m (4.9ms)[0m  [1m[32mINSERT INTO "schema_migrations" (version) VALUES
(20190329134334),
(20190329134851),
(20190329134642),
(20190329134423),
(20190329134320),
(20190329134615),
(20190329134721);

[0m
  ↳ db/schema.rb:13
  [1m[35m (30.8ms)[0m  [1m[35mCREATE TABLE "ar_internal_metadata" ("key" varchar NOT NULL PRIMARY KEY, "value" varchar, "created_at" datetime NOT NULL, "updated_at" datetime NOT NULL)[0m
  ↳ db/schema.rb:13
  [1m[36mActiveRecord::InternalMetadata Load (0.2ms)[0m  [1m[34mSELECT  "ar_internal_metadata".* FROM "ar_internal_metadata" WHERE "ar_internal_metadata"."key" = ? LIMIT ?[0m  [["key", "environment"], ["LIMIT", 1]]
  ↳ db/schema.rb:13
  [1m[35m (0.1ms)[0m  [1m[36mbegin transaction[0m
  ↳ db/schema.rb:13
  [1m[36mActiveRecord::InternalMetadata Create (0.2ms)[0m  [1m[32mINSERT INTO "ar_internal_metadata" ("key", "value", "created_at", "updated_at") VALUES (?, ?, ?, ?)[0m  [["key", "environment"], ["value", "development"], ["created_at", "2019-04-03 18:15:37.694348"], ["updated_at", "2019-04-03 18:15:37.694348"]]
  ↳ db/schema.rb:13
  [1m[35m (6.0ms)[0m  [1m[36mcommit transaction[0m
  ↳ db/schema.rb:13
  [1m[36mActiveRecord::InternalMetadata Load (0.1ms)[0m  [1m[34mSELECT  "ar_internal_metadata".* FROM "ar_internal_metadata" WHERE "ar_internal_metadata"."key" = ? LIMIT ?[0m  [["key", "environment"], ["LIMIT", 1]]
  ↳ bin/rails:9
  [1m[35m (0.1ms)[0m  [1m[36mbegin transaction[0m
  ↳ bin/rails:9
  [1m[35m (0.0ms)[0m  [1m[36mcommit transaction[0m
  ↳ bin/rails:9
  [1m[35m (0.1ms)[0m  [1m[35mDROP TABLE IF EXISTS "event_venues"[0m
  ↳ db/schema.rb:15
  [1m[35m (0.1ms)[0m  [1m[34mSELECT sqlite_version(*)[0m
  ↳ db/schema.rb:15
  [1m[35m (14.7ms)[0m  [1m[35mCREATE TABLE "event_venues" ("id" integer PRIMARY KEY AUTOINCREMENT NOT NULL, "name" varchar, "address" varchar, "capacity" integer, "created_at" datetime NOT NULL, "updated_at" datetime NOT NULL)[0m
  ↳ db/schema.rb:15
  [1m[35m (0.1ms)[0m  [1m[35mDROP TABLE IF EXISTS "events"[0m
  ↳ db/schema.rb:23
  [1m[35m (9.2ms)[0m  [1m[35mCREATE TABLE "events" ("id" integer PRIMARY KEY AUTOINCREMENT NOT NULL, "name" varchar, "description" varchar, "start_date" date, "event_venue_id" integer, "created_at" datetime NOT NULL, "updated_at" datetime NOT NULL)[0m
  ↳ db/schema.rb:23
  [1m[35m (7.8ms)[0m  [1m[35mCREATE  INDEX "index_events_on_event_venue_id" ON "events" ("event_venue_id")[0m
  ↳ db/schema.rb:23
  [1m[35m (0.1ms)[0m  [1m[35mDROP TABLE IF EXISTS "orders"[0m
  ↳ db/schema.rb:33
  [1m[35m (9.2ms)[0m  [1m[35mCREATE TABLE "orders" ("id" integer PRIMARY KEY AUTOINCREMENT NOT NULL, "user_id" integer, "created_at" datetime NOT NULL, "updated_at" datetime NOT NULL)[0m
  ↳ db/schema.rb:33
  [1m[35m (13.6ms)[0m  [1m[35mCREATE  INDEX "index_orders_on_user_id" ON "orders" ("user_id")[0m
  ↳ db/schema.rb:33
  [1m[35m (0.1ms)[0m  [1m[35mDROP TABLE IF EXISTS "ticket_types"[0m
  ↳ db/schema.rb:40
  [1m[35m (7.2ms)[0m  [1m[35mCREATE TABLE "ticket_types" ("id" integer PRIMARY KEY AUTOINCREMENT NOT NULL, "event_id" integer, "price" integer, "ticket_zone_id" integer, "created_at" datetime NOT NULL, "updated_at" datetime NOT NULL)[0m
  ↳ db/schema.rb:40
  [1m[35m (14.4ms)[0m  [1m[35mCREATE  INDEX "index_ticket_types_on_event_id" ON "ticket_types" ("event_id")[0m
  ↳ db/schema.rb:40
  [1m[35m (15.1ms)[0m  [1m[35mCREATE  INDEX "index_ticket_types_on_ticket_zone_id" ON "ticket_types" ("ticket_zone_id")[0m
  ↳ db/schema.rb:40
  [1m[35m (0.1ms)[0m  [1m[35mDROP TABLE IF EXISTS "ticket_zones"[0m
  ↳ db/schema.rb:50
  [1m[35m (11.9ms)[0m  [1m[35mCREATE TABLE "ticket_zones" ("id" integer PRIMARY KEY AUTOINCREMENT NOT NULL, "zone" varchar, "created_at" datetime NOT NULL, "updated_at" datetime NOT NULL)[0m
  ↳ db/schema.rb:50
  [1m[35m (0.1ms)[0m  [1m[35mDROP TABLE IF EXISTS "tickets"[0m
  ↳ db/schema.rb:56
  [1m[35m (8.2ms)[0m  [1m[35mCREATE TABLE "tickets" ("id" integer PRIMARY KEY AUTOINCREMENT NOT NULL, "ticket_type_id" integer, "order_id" integer, "created_at" datetime NOT NULL, "updated_at" datetime NOT NULL)[0m
  ↳ db/schema.rb:56
  [1m[35m (6.8ms)[0m  [1m[35mCREATE  INDEX "index_tickets_on_order_id" ON "tickets" ("order_id")[0m
  ↳ db/schema.rb:56
  [1m[35m (13.5ms)[0m  [1m[35mCREATE  INDEX "index_tickets_on_ticket_type_id" ON "tickets" ("ticket_type_id")[0m
  ↳ db/schema.rb:56
  [1m[35m (0.2ms)[0m  [1m[35mDROP TABLE IF EXISTS "users"[0m
  ↳ db/schema.rb:65
  [1m[35m (7.2ms)[0m  [1m[35mCREATE TABLE "users" ("id" integer PRIMARY KEY AUTOINCREMENT NOT NULL, "name" varchar, "lastname" varchar, "email" varchar, "password" varchar, "address" varchar, "created_at" datetime NOT NULL, "updated_at" datetime NOT NULL, "number" integer)[0m
  ↳ db/schema.rb:65
  [1m[35m (15.0ms)[0m  [1m[35mCREATE TABLE "schema_migrations" ("version" varchar NOT NULL PRIMARY KEY)[0m
  ↳ db/schema.rb:13
  [1m[35m (0.2ms)[0m  [1m[34mSELECT "schema_migrations"."version" FROM "schema_migrations" ORDER BY "schema_migrations"."version" ASC[0m
  ↳ db/schema.rb:13
  [1m[35m (5.7ms)[0m  [1m[32mINSERT INTO "schema_migrations" (version) VALUES (20190403122320)[0m
  ↳ db/schema.rb:13
  [1m[35m (5.6ms)[0m  [1m[32mINSERT INTO "schema_migrations" (version) VALUES
(20190329134334),
(20190329134851),
(20190329134642),
(20190329134423),
(20190329134320),
(20190329134615),
(20190329134721);

[0m
  ↳ db/schema.rb:13
  [1m[35m (27.2ms)[0m  [1m[35mCREATE TABLE "ar_internal_metadata" ("key" varchar NOT NULL PRIMARY KEY, "value" varchar, "created_at" datetime NOT NULL, "updated_at" datetime NOT NULL)[0m
  ↳ db/schema.rb:13
  [1m[36mActiveRecord::InternalMetadata Load (0.2ms)[0m  [1m[34mSELECT  "ar_internal_metadata".* FROM "ar_internal_metadata" WHERE "ar_internal_metadata"."key" = ? LIMIT ?[0m  [["key", "environment"], ["LIMIT", 1]]
  ↳ db/schema.rb:13
  [1m[35m (0.0ms)[0m  [1m[36mbegin transaction[0m
  ↳ db/schema.rb:13
  [1m[36mActiveRecord::InternalMetadata Create (0.2ms)[0m  [1m[32mINSERT INTO "ar_internal_metadata" ("key", "value", "created_at", "updated_at") VALUES (?, ?, ?, ?)[0m  [["key", "environment"], ["value", "development"], ["created_at", "2019-04-03 18:15:37.950945"], ["updated_at", "2019-04-03 18:15:37.950945"]]
  ↳ db/schema.rb:13
  [1m[35m (4.7ms)[0m  [1m[36mcommit transaction[0m
  ↳ db/schema.rb:13
  [1m[36mActiveRecord::InternalMetadata Load (0.1ms)[0m  [1m[34mSELECT  "ar_internal_metadata".* FROM "ar_internal_metadata" WHERE "ar_internal_metadata"."key" = ? LIMIT ?[0m  [["key", "environment"], ["LIMIT", 1]]
  ↳ bin/rails:9
  [1m[35m (0.1ms)[0m  [1m[36mbegin transaction[0m
  ↳ bin/rails:9
  [1m[36mActiveRecord::InternalMetadata Update (0.2ms)[0m  [1m[33mUPDATE "ar_internal_metadata" SET "value" = ?, "updated_at" = ? WHERE "ar_internal_metadata"."key" = ?[0m  [["value", "test"], ["updated_at", "2019-04-03 18:15:37.958516"], ["key", "environment"]]
  ↳ bin/rails:9
  [1m[35m (4.3ms)[0m  [1m[36mcommit transaction[0m
  ↳ bin/rails:9
  [1m[35m (0.1ms)[0m  [1m[34mSELECT "schema_migrations"."version" FROM "schema_migrations" ORDER BY "schema_migrations"."version" ASC[0m
  ↳ bin/rails:9
  [1m[35m (0.1ms)[0m  [1m[36mbegin transaction[0m
  ↳ db/seeds.rb:25
  [1m[35m (0.1ms)[0m  [1m[31mrollback transaction[0m
  ↳ db/seeds.rb:25
  [1m[35m (0.2ms)[0m  [1m[34mSELECT "schema_migrations"."version" FROM "schema_migrations" ORDER BY "schema_migrations"."version" ASC[0m
  ↳ bin/rails:9
  [1m[35m (0.1ms)[0m  [1m[36mbegin transaction[0m
  ↳ db/seeds.rb:25
  [1m[35m (0.1ms)[0m  [1m[31mrollback transaction[0m
  ↳ db/seeds.rb:25
  [1m[36mEventVenue Load (0.2ms)[0m  [1m[34mSELECT  "event_venues".* FROM "event_venues" ORDER BY "event_venues"."id" DESC LIMIT ?[0m  [["LIMIT", 1]]
  [1m[35m (0.2ms)[0m  [1m[34mSELECT "schema_migrations"."version" FROM "schema_migrations" ORDER BY "schema_migrations"."version" ASC[0m
  ↳ bin/rails:9
  [1m[35m (0.1ms)[0m  [1m[36mbegin transaction[0m
  ↳ db/seeds.rb:25
  [1m[35m (0.1ms)[0m  [1m[31mrollback transaction[0m
  ↳ db/seeds.rb:25
  [1m[35m (0.2ms)[0m  [1m[34mSELECT "schema_migrations"."version" FROM "schema_migrations" ORDER BY "schema_migrations"."version" ASC[0m
  ↳ /home/vawohl/.rvm/gems/ruby-2.5.1/bin/rake:23
  [1m[35m (0.1ms)[0m  [1m[36mbegin transaction[0m
  ↳ db/seeds.rb:25
  [1m[35m (0.1ms)[0m  [1m[31mrollback transaction[0m
  ↳ db/seeds.rb:25
  [1m[35m (0.2ms)[0m  [1m[34mSELECT "schema_migrations"."version" FROM "schema_migrations" ORDER BY "schema_migrations"."version" ASC[0m
  ↳ bin/rails:9
  [1m[35m (0.1ms)[0m  [1m[36mbegin transaction[0m
  ↳ db/seeds.rb:25
  [1m[36mUser Create (0.4ms)[0m  [1m[32mINSERT INTO "users" ("name", "lastname", "email", "password", "address", "created_at", "updated_at", "number") VALUES (?, ?, ?, ?, ?, ?, ?, ?)[0m  [["name", "Claudio"], ["lastname", "Alvarez"], ["email", "calvarez1@miuandes.cl"], ["password", "123456321"], ["address", "San Carlos de Apoquindo"], ["created_at", "2019-04-04 02:49:34.048519"], ["updated_at", "2019-04-04 02:49:34.048519"], ["number", 987654321]]
  ↳ db/seeds.rb:25
  [1m[35m (26.9ms)[0m  [1m[36mcommit transaction[0m
  ↳ db/seeds.rb:25
  [1m[35m (0.1ms)[0m  [1m[36mbegin transaction[0m
  ↳ db/seeds.rb:25
  [1m[36mUser Create (0.2ms)[0m  [1m[32mINSERT INTO "users" ("name", "lastname", "email", "password", "address", "created_at", "updated_at", "number") VALUES (?, ?, ?, ?, ?, ?, ?, ?)[0m  [["name", "Juan"], ["lastname", "Rataplan"], ["email", "jrataplan@miuandes.cl"], ["password", "123456123"], ["address", "San Carlos de Apoquindo"], ["created_at", "2019-04-04 02:49:34.078574"], ["updated_at", "2019-04-04 02:49:34.078574"], ["number", 945627843]]
  ↳ db/seeds.rb:25
  [1m[35m (6.3ms)[0m  [1m[36mcommit transaction[0m
  ↳ db/seeds.rb:25
  [1m[35m (0.1ms)[0m  [1m[36mbegin transaction[0m
  ↳ db/seeds.rb:25
  [1m[36mUser Create (0.2ms)[0m  [1m[32mINSERT INTO "users" ("name", "lastname", "email", "password", "address", "created_at", "updated_at", "number") VALUES (?, ?, ?, ?, ?, ?, ?, ?)[0m  [["name", "Raul"], ["lastname", "Rabufetti"], ["email", "rrabufetti@miuandes.cl"], ["password", "123456456"], ["address", "San Carlos de Apoquindo"], ["created_at", "2019-04-04 02:49:34.086804"], ["updated_at", "2019-04-04 02:49:34.086804"], ["number", 964215731]]
  ↳ db/seeds.rb:25
  [1m[35m (5.2ms)[0m  [1m[36mcommit transaction[0m
  ↳ db/seeds.rb:25
  [1m[35m (0.1ms)[0m  [1m[36mbegin transaction[0m
  ↳ db/seeds.rb:25
  [1m[36mUser Create (0.2ms)[0m  [1m[32mINSERT INTO "users" ("name", "lastname", "email", "password", "address", "created_at", "updated_at", "number") VALUES (?, ?, ?, ?, ?, ?, ?, ?)[0m  [["name", "Raul"], ["lastname", "Ganfolfi"], ["email", "rgandolfi@miuandes.cl"], ["password", "123456789"], ["address", "San Carlos de Apoquindo"], ["created_at", "2019-04-04 02:49:34.093832"], ["updated_at", "2019-04-04 02:49:34.093832"], ["number", 982431567]]
  ↳ db/seeds.rb:25
  [1m[35m (5.9ms)[0m  [1m[36mcommit transaction[0m
  ↳ db/seeds.rb:25
  [1m[35m (0.1ms)[0m  [1m[36mbegin transaction[0m
  ↳ db/seeds.rb:25
  [1m[36mUser Create (0.2ms)[0m  [1m[32mINSERT INTO "users" ("name", "lastname", "email", "password", "address", "created_at", "updated_at", "number") VALUES (?, ?, ?, ?, ?, ?, ?, ?)[0m  [["name", "Licenciado"], ["lastname", "Varela"], ["email", "lvarela@miuandes.cl"], ["password", "123456987"], ["address", "San Carlos de Apoquindo"], ["created_at", "2019-04-04 02:49:34.101672"], ["updated_at", "2019-04-04 02:49:34.101672"], ["number", 957261408]]
  ↳ db/seeds.rb:25
  [1m[35m (5.6ms)[0m  [1m[36mcommit transaction[0m
  ↳ db/seeds.rb:25
  [1m[35m (0.1ms)[0m  [1m[36mbegin transaction[0m
  ↳ db/seeds.rb:33
  [1m[35m (0.1ms)[0m  [1m[31mrollback transaction[0m
  ↳ db/seeds.rb:33
  [1m[35m (0.2ms)[0m  [1m[34mSELECT "schema_migrations"."version" FROM "schema_migrations" ORDER BY "schema_migrations"."version" ASC[0m
  ↳ bin/rails:9
  [1m[35m (0.1ms)[0m  [1m[36mbegin transaction[0m
  ↳ db/seeds.rb:25
  [1m[36mUser Create (0.3ms)[0m  [1m[32mINSERT INTO "users" ("name", "lastname", "email", "password", "address", "created_at", "updated_at", "number") VALUES (?, ?, ?, ?, ?, ?, ?, ?)[0m  [["name", "Claudio"], ["lastname", "Alvarez"], ["email", "calvarez1@miuandes.cl"], ["password", "123456321"], ["address", "San Carlos de Apoquindo"], ["created_at", "2019-04-04 02:50:23.002445"], ["updated_at", "2019-04-04 02:50:23.002445"], ["number", 987654321]]
  ↳ db/seeds.rb:25
  [1m[35m (44.0ms)[0m  [1m[36mcommit transaction[0m
  ↳ db/seeds.rb:25
  [1m[35m (0.1ms)[0m  [1m[36mbegin transaction[0m
  ↳ db/seeds.rb:25
  [1m[36mUser Create (0.3ms)[0m  [1m[32mINSERT INTO "users" ("name", "lastname", "email", "password", "address", "created_at", "updated_at", "number") VALUES (?, ?, ?, ?, ?, ?, ?, ?)[0m  [["name", "Juan"], ["lastname", "Rataplan"], ["email", "jrataplan@miuandes.cl"], ["password", "123456123"], ["address", "San Carlos de Apoquindo"], ["created_at", "2019-04-04 02:50:23.049136"], ["updated_at", "2019-04-04 02:50:23.049136"], ["number", 945627843]]
  ↳ db/seeds.rb:25
  [1m[35m (9.7ms)[0m  [1m[36mcommit transaction[0m
  ↳ db/seeds.rb:25
  [1m[35m (0.1ms)[0m  [1m[36mbegin transaction[0m
  ↳ db/seeds.rb:25
  [1m[36mUser Create (0.2ms)[0m  [1m[32mINSERT INTO "users" ("name", "lastname", "email", "password", "address", "created_at", "updated_at", "number") VALUES (?, ?, ?, ?, ?, ?, ?, ?)[0m  [["name", "Raul"], ["lastname", "Rabufetti"], ["email", "rrabufetti@miuandes.cl"], ["password", "123456456"], ["address", "San Carlos de Apoquindo"], ["created_at", "2019-04-04 02:50:23.061134"], ["updated_at", "2019-04-04 02:50:23.061134"], ["number", 964215731]]
  ↳ db/seeds.rb:25
  [1m[35m (7.4ms)[0m  [1m[36mcommit transaction[0m
  ↳ db/seeds.rb:25
  [1m[35m (0.1ms)[0m  [1m[36mbegin transaction[0m
  ↳ db/seeds.rb:25
  [1m[36mUser Create (0.2ms)[0m  [1m[32mINSERT INTO "users" ("name", "lastname", "email", "password", "address", "created_at", "updated_at", "number") VALUES (?, ?, ?, ?, ?, ?, ?, ?)[0m  [["name", "Raul"], ["lastname", "Ganfolfi"], ["email", "rgandolfi@miuandes.cl"], ["password", "123456789"], ["address", "San Carlos de Apoquindo"], ["created_at", "2019-04-04 02:50:23.070409"], ["updated_at", "2019-04-04 02:50:23.070409"], ["number", 982431567]]
  ↳ db/seeds.rb:25
  [1m[35m (6.4ms)[0m  [1m[36mcommit transaction[0m
  ↳ db/seeds.rb:25
  [1m[35m (0.1ms)[0m  [1m[36mbegin transaction[0m
  ↳ db/seeds.rb:25
  [1m[36mUser Create (0.3ms)[0m  [1m[32mINSERT INTO "users" ("name", "lastname", "email", "password", "address", "created_at", "updated_at", "number") VALUES (?, ?, ?, ?, ?, ?, ?, ?)[0m  [["name", "Licenciado"], ["lastname", "Varela"], ["email", "lvarela@miuandes.cl"], ["password", "123456987"], ["address", "San Carlos de Apoquindo"], ["created_at", "2019-04-04 02:50:23.078661"], ["updated_at", "2019-04-04 02:50:23.078661"], ["number", 957261408]]
  ↳ db/seeds.rb:25
  [1m[35m (4.8ms)[0m  [1m[36mcommit transaction[0m
  ↳ db/seeds.rb:25
  [1m[35m (0.1ms)[0m  [1m[36mbegin transaction[0m
  ↳ db/seeds.rb:33
  [1m[35m (0.1ms)[0m  [1m[31mrollback transaction[0m
  ↳ db/seeds.rb:33
